MusicJump/launcher/build/intermediates/manifest_merge_blame_file/release/manifest-merger-blame-release-report.txt
1<?xml version="1.0" encoding="utf-8"?>
2<!-- GENERATED BY UNITY. REMOVE THIS COMMENT TO PREVENT OVERWRITING WHEN EXPORTING AGAIN -->
3<manifest xmlns:android="http://schemas.android.com/apk/res/android"
4    package="com.example.testGame"
5    android:installLocation="preferExternal"
6    android:versionCode="1"
7    android:versionName="0.1" >
8
9    <uses-sdk
10        android:minSdkVersion="26"
10-->src\main\AndroidManifest.xml
11        android:targetSdkVersion="29" />
11-->src\main\AndroidManifest.xml
12
13    <supports-screens
13-->src\main\AndroidManifest.xml:4:3-163
14        android:anyDensity="true"
14-->src\main\AndroidManifest.xml:4:135-160
15        android:largeScreens="true"
15-->src\main\AndroidManifest.xml:4:78-105
16        android:normalScreens="true"
16-->src\main\AndroidManifest.xml:4:49-77
17        android:smallScreens="true"
17-->src\main\AndroidManifest.xml:4:21-48
18        android:xlargeScreens="true" />
18-->src\main\AndroidManifest.xml:4:106-134
19
20    <uses-feature android:glEsVersion="0x00030000" />
20-->[:unityLibrary] AndroidManifest.xml:13:5-54
20-->[:unityLibrary] AndroidManifest.xml:13:19-51
21    <uses-feature
21-->[:unityLibrary] AndroidManifest.xml:14:5-16:36
22        android:name="android.hardware.vulkan.version"
22-->[:unityLibrary] AndroidManifest.xml:15:9-55
23        android:required="false" />
23-->[:unityLibrary] AndroidManifest.xml:16:9-33
24    <uses-feature
24-->[:unityLibrary] AndroidManifest.xml:17:5-19:36
25        android:name="android.hardware.touchscreen"
25-->[:unityLibrary] AndroidManifest.xml:18:9-52
26        android:required="false" />
26-->[:unityLibrary] AndroidManifest.xml:19:9-33
27    <uses-feature
27-->[:unityLibrary] AndroidManifest.xml:20:5-22:36
28        android:name="android.hardware.touchscreen.multitouch"
28-->[:unityLibrary] AndroidManifest.xml:21:9-63
29        android:required="false" />
29-->[:unityLibrary] AndroidManifest.xml:22:9-33
30    <uses-feature
30-->[:unityLibrary] AndroidManifest.xml:23:5-25:36
31        android:name="android.hardware.touchscreen.multitouch.distinct"
31-->[:unityLibrary] AndroidManifest.xml:24:9-72
32        android:required="false" />
32-->[:unityLibrary] AndroidManifest.xml:25:9-33
33
34    <application
34-->src\main\AndroidManifest.xml:5:3-83
35        android:appComponentFactory="androidx.core.app.CoreComponentFactory"
35-->[androidx.core:core:1.3.1] AndroidManifest.xml:24:18-86
36        android:extractNativeLibs="false"
37        android:icon="@mipmap/app_icon"
37-->src\main\AndroidManifest.xml:5:49-80
38        android:label="@string/app_name"
38-->src\main\AndroidManifest.xml:5:16-48
39        android:theme="@style/Theme.AppCompat.NoActionBar" >
39-->[:unityLibrary] AndroidManifest.xml:27:18-68
40        <activity
40-->[:unityLibrary] AndroidManifest.xml:28:9-36:20
41            android:name="com.unity3d.player.MainContent"
41-->[:unityLibrary] AndroidManifest.xml:29:13-58
42            android:screenOrientation="landscape" >
42-->[:unityLibrary] AndroidManifest.xml:30:13-50
43            <intent-filter>
43-->[:unityLibrary] AndroidManifest.xml:31:13-35:29
44                <action android:name="android.intent.action.MAIN" />
44-->[:unityLibrary] AndroidManifest.xml:32:17-69
44-->[:unityLibrary] AndroidManifest.xml:32:25-66
45
46                <category android:name="android.intent.category.LAUNCHER" />
46-->[:unityLibrary] AndroidManifest.xml:34:17-77
46-->[:unityLibrary] AndroidManifest.xml:34:27-74
47            </intent-filter>
48        </activity>
49        <activity
49-->[:unityLibrary] AndroidManifest.xml:37:9-55:20
50            android:name="com.unity3d.player.UnityPlayerActivity"
50-->[:unityLibrary] AndroidManifest.xml:38:13-66
51            android:configChanges="mcc|mnc|locale|touchscreen|keyboard|keyboardHidden|navigation|orientation|screenLayout|uiMode|screenSize|smallestScreenSize|fontScale|layoutDirection|density"
51-->[:unityLibrary] AndroidManifest.xml:39:13-194
52            android:hardwareAccelerated="false"
52-->[:unityLibrary] AndroidManifest.xml:40:13-48
53            android:launchMode="singleTask"
53-->[:unityLibrary] AndroidManifest.xml:41:13-44
54            android:screenOrientation="landscape"
54-->[:unityLibrary] AndroidManifest.xml:42:13-50
55            android:theme="@style/UnityThemeSelector" >
55-->[:unityLibrary] AndroidManifest.xml:43:13-54
56
57            <!-- <intent-filter> -->
58            <!-- <action android:name="android.intent.action.MAIN" /> -->
59            <!-- <category android:name="android.intent.category.LAUNCHER" /> -->
60            <!-- </intent-filter> -->
61            <meta-data
61-->[:unityLibrary] AndroidManifest.xml:49:13-51:40
62                android:name="unityplayer.UnityActivity"
62-->[:unityLibrary] AndroidManifest.xml:50:17-57
63                android:value="true" />
63-->[:unityLibrary] AndroidManifest.xml:51:17-37
64            <meta-data
64-->[:unityLibrary] AndroidManifest.xml:52:13-54:40
65                android:name="android.notch_support"
65-->[:unityLibrary] AndroidManifest.xml:53:17-53
66                android:value="true" />
66-->[:unityLibrary] AndroidManifest.xml:54:17-37
67        </activity>
68
69        <meta-data
69-->[:unityLibrary] AndroidManifest.xml:57:9-59:33
70            android:name="unity.splash-mode"
70-->[:unityLibrary] AndroidManifest.xml:58:13-45
71            android:value="0" />
71-->[:unityLibrary] AndroidManifest.xml:59:13-30
72        <meta-data
72-->[:unityLibrary] AndroidManifest.xml:60:9-62:36
73            android:name="unity.splash-enable"
73-->[:unityLibrary] AndroidManifest.xml:61:13-47
74            android:value="True" />
74-->[:unityLibrary] AndroidManifest.xml:62:13-33
75        <meta-data
75-->[:unityLibrary] AndroidManifest.xml:63:9-65:50
76            android:name="notch.config"
76-->[:unityLibrary] AndroidManifest.xml:64:13-40
77            android:value="portrait|landscape" />
77-->[:unityLibrary] AndroidManifest.xml:65:13-47
78        <meta-data
78-->[:unityLibrary] AndroidManifest.xml:66:9-68:68
79            android:name="unity.build-id"
79-->[:unityLibrary] AndroidManifest.xml:67:13-42
80            android:value="e635756f-8e02-4776-96f9-5a1103069e22" />
80-->[:unityLibrary] AndroidManifest.xml:68:13-65
81    </application>
82
83</manifest>